<?xml version="1.0" encoding="UTF-8"?>
<!-- Generated by org.testng.reporters.JUnitReportReporter -->
<testsuite hostname="DESKTOP-4JVHJOM" failures="0" tests="1" name="com.leafBot.testcases.TC001_LoginLogOut" time="20.638" errors="0" timestamp="2023-12-30T13:18:57 IST" skipped="0">
  <testcase classname="com.leafBot.testcases.TC001_LoginLogOut" name="runVerifyLogin" time="20.638"/>
  <system-out/>
</testsuite> <!-- com.leafBot.testcases.TC001_LoginLogOut -->
